<?xml version="1.0" encoding="UTF-8"?>
<testng-results ignored="0" total="1" passed="1" failed="0" skipped="0">
  <reporter-output>
    <line>
      <![CDATA[openBrowser]]>
    </line>
    <line>
      <![CDATA[login]]>
    </line>
    <line>
      <![CDATA[Caseman]]>
    </line>
    <line>
      <![CDATA[logout]]>
    </line>
    <line>
      <![CDATA[CloseBrowser]]>
    </line>
  </reporter-output>
  <suite started-at="2023-05-12T00:45:29 IST" name="Default suite" finished-at="2023-05-12T00:45:31 IST" duration-ms="1490">
    <groups>
    </groups>
    <test started-at="2023-05-12T00:45:29 IST" name="Default test" finished-at="2023-05-12T00:45:31 IST" duration-ms="1490">
      <class name="com.actitime.testscript.CustomerModule">
        <test-method is-config="true" signature="openBrowser()[pri:0, instance:com.actitime.testscript.CustomerModule@28eaa59a]" started-at="2023-05-12T00:45:29 IST" name="openBrowser" finished-at="2023-05-12T00:45:31 IST" duration-ms="1305" status="PASS">
          <reporter-output>
            <line>
              <![CDATA[openBrowser]]>
            </line>
          </reporter-output>
        </test-method> <!-- openBrowser -->
        <test-method is-config="true" signature="login()[pri:0, instance:com.actitime.testscript.CustomerModule@28eaa59a]" started-at="2023-05-12T00:45:31 IST" name="login" finished-at="2023-05-12T00:45:31 IST" duration-ms="2" status="PASS">
          <reporter-output>
            <line>
              <![CDATA[login]]>
            </line>
          </reporter-output>
        </test-method> <!-- login -->
        <test-method signature="testCreateCustomer()[pri:0, instance:com.actitime.testscript.CustomerModule@28eaa59a]" started-at="2023-05-12T00:45:31 IST" name="testCreateCustomer" finished-at="2023-05-12T00:45:31 IST" duration-ms="13" status="PASS">
          <reporter-output>
            <line>
              <![CDATA[Caseman]]>
            </line>
          </reporter-output>
        </test-method> <!-- testCreateCustomer -->
        <test-method is-config="true" signature="logout()[pri:0, instance:com.actitime.testscript.CustomerModule@28eaa59a]" started-at="2023-05-12T00:45:31 IST" name="logout" finished-at="2023-05-12T00:45:31 IST" duration-ms="1" status="PASS">
          <reporter-output>
            <line>
              <![CDATA[logout]]>
            </line>
          </reporter-output>
        </test-method> <!-- logout -->
        <test-method is-config="true" signature="closeBrowser()[pri:0, instance:com.actitime.testscript.CustomerModule@28eaa59a]" started-at="2023-05-12T00:45:31 IST" name="closeBrowser" finished-at="2023-05-12T00:45:31 IST" duration-ms="129" status="PASS">
          <reporter-output>
            <line>
              <![CDATA[CloseBrowser]]>
            </line>
          </reporter-output>
        </test-method> <!-- closeBrowser -->
      </class> <!-- com.actitime.testscript.CustomerModule -->
    </test> <!-- Default test -->
  </suite> <!-- Default suite -->
</testng-results>
